<?xml version="1.0" encoding="UTF-8"?>
<testng-results ignored="0" total="3" passed="3" failed="0" skipped="0">
  <reporter-output>
  </reporter-output>
  <suite started-at="2026-02-20T10:04:28 CST" name="Suite" finished-at="2026-02-20T10:04:28 CST" duration-ms="48">
    <groups>
    </groups>
    <test started-at="2026-02-20T10:04:28 CST" name="Test" finished-at="2026-02-20T10:04:28 CST" duration-ms="48">
      <class name="pkg.ParallelTest">
        <test-method signature="test2()[pri:0, instance:pkg.ParallelTest@72967906]" started-at="2026-02-20T10:04:28 CST" name="test2" finished-at="2026-02-20T10:04:28 CST" duration-ms="11" status="PASS">
          <reporter-output>
          </reporter-output>
        </test-method> <!-- test2 -->
        <test-method signature="test1()[pri:0, instance:pkg.ParallelTest@72967906]" started-at="2026-02-20T10:04:28 CST" name="test1" finished-at="2026-02-20T10:04:28 CST" duration-ms="11" status="PASS">
          <reporter-output>
          </reporter-output>
        </test-method> <!-- test1 -->
        <test-method signature="test3()[pri:0, instance:pkg.ParallelTest@72967906]" started-at="2026-02-20T10:04:28 CST" name="test3" finished-at="2026-02-20T10:04:28 CST" duration-ms="10" status="PASS">
          <reporter-output>
          </reporter-output>
        </test-method> <!-- test3 -->
      </class> <!-- pkg.ParallelTest -->
    </test> <!-- Test -->
  </suite> <!-- Suite -->
</testng-results>
