<?xml version="1.0" encoding="UTF-8"?>
<!-- Generated by org.testng.reporters.JUnitReportReporter -->
<testsuite hostname="office-pc" failures="0" tests="3" name="pkg.ParallelTest" time="0.032" errors="0" timestamp="2026-02-20T10:04:28 CST" skipped="0">
  <testcase classname="pkg.ParallelTest" name="test2" time="0.011"/>
  <testcase classname="pkg.ParallelTest" name="test3" time="0.010"/>
  <testcase classname="pkg.ParallelTest" name="test1" time="0.011"/>
</testsuite> <!-- pkg.ParallelTest -->
